{"numFailedTestSuites":1,"numFailedTests":4,"numPassedTestSuites":0,"numPassedTests":1,"numPendingTestSuites":0,"numPendingTests":0,"numRuntimeErrorTestSuites":0,"numTodoTests":0,"numTotalTestSuites":1,"numTotalTests":5,"openHandles":[],"snapshot":{"added":0,"didUpdate":false,"failure":false,"filesAdded":0,"filesRemoved":0,"filesRemovedList":[],"filesUnmatched":0,"filesUpdated":0,"matched":0,"total":0,"unchecked":0,"uncheckedKeysByFile":[],"unmatched":0,"updated":0},"startTime":1775555324367,"success":false,"testResults":[{"assertionResults":[{"ancestorTitles":["Auth - Signup (e2e)"],"duration":110,"failing":false,"failureDetails":[{}],"failureMessages":["Error: data and hash arguments required\n    at Object.compare (D:\\IT4788\\node_modules\\bcrypt\\bcrypt.js:204:17)\n    at D:\\IT4788\\node_modules\\bcrypt\\promises.js:26:12\n    at new Promise (<anonymous>)\n    at Object.promise (D:\\IT4788\\node_modules\\bcrypt\\promises.js:17:12)\n    at Object.compare (D:\\IT4788\\node_modules\\bcrypt\\bcrypt.js:200:25)\n    at Object.<anonymous> (D:\\IT4788\\test\\auth\\1-signup.e2e-spec.ts:62:36)\n    at processTicksAndRejections (node:internal/process/task_queues:104:5)"],"fullName":"Auth - Signup (e2e) SIGNUP-01: (Thành công) - Lưu user mới vào Database","invocations":1,"location":null,"numPassingAsserts":5,"retryReasons":[],"startAt":1775555326520,"status":"failed","title":"SIGNUP-01: (Thành công) - Lưu user mới vào Database"},{"ancestorTitles":["Auth - Signup (e2e)"],"duration":14,"failing":false,"failureDetails":[],"failureMessages":[],"fullName":"Auth - Signup (e2e) SIGNUP-02: (Thất bại) - Lỗi 9996 khi SĐT trùng lặp","invocations":1,"location":null,"numPassingAsserts":2,"retryReasons":[],"startAt":1775555326637,"status":"passed","title":"SIGNUP-02: (Thất bại) - Lỗi 9996 khi SĐT trùng lặp"},{"ancestorTitles":["Auth - Signup (e2e)"],"duration":8,"failing":false,"failureDetails":[{"matcherResult":{"expected":"1002","message":"\u001b[2mexpect(\u001b[22m\u001b[31mreceived\u001b[39m\u001b[2m).\u001b[22mtoBe\u001b[2m(\u001b[22m\u001b[32mexpected\u001b[39m\u001b[2m) // Object.is equality\u001b[22m\n\nExpected: \u001b[32m\"1002\"\u001b[39m\nReceived: \u001b[31mundefined\u001b[39m","name":"toBe","pass":false}}],"failureMessages":["Error: \u001b[2mexpect(\u001b[22m\u001b[31mreceived\u001b[39m\u001b[2m).\u001b[22mtoBe\u001b[2m(\u001b[22m\u001b[32mexpected\u001b[39m\u001b[2m) // Object.is equality\u001b[22m\n\nExpected: \u001b[32m\"1002\"\u001b[39m\nReceived: \u001b[31mundefined\u001b[39m\n    at Object.<anonymous> (D:\\IT4788\\test\\auth\\1-signup.e2e-spec.ts:97:28)\n    at processTicksAndRejections (node:internal/process/task_queues:104:5)"],"fullName":"Auth - Signup (e2e) SIGNUP-03: (Thất bại) - Lỗi 1002 khi thiếu điện thoại hoặc mật khẩu","invocations":1,"location":null,"numPassingAsserts":0,"retryReasons":[],"startAt":1775555326652,"status":"failed","title":"SIGNUP-03: (Thất bại) - Lỗi 1002 khi thiếu điện thoại hoặc mật khẩu"},{"ancestorTitles":["Auth - Signup (e2e)"],"duration":7,"failing":false,"failureDetails":[{"matcherResult":{"expected":"1003","message":"\u001b[2mexpect(\u001b[22m\u001b[31mreceived\u001b[39m\u001b[2m).\u001b[22mtoBe\u001b[2m(\u001b[22m\u001b[32mexpected\u001b[39m\u001b[2m) // Object.is equality\u001b[22m\n\nExpected: \u001b[32m\"1003\"\u001b[39m\nReceived: \u001b[31mundefined\u001b[39m","name":"toBe","pass":false}}],"failureMessages":["Error: \u001b[2mexpect(\u001b[22m\u001b[31mreceived\u001b[39m\u001b[2m).\u001b[22mtoBe\u001b[2m(\u001b[22m\u001b[32mexpected\u001b[39m\u001b[2m) // Object.is equality\u001b[22m\n\nExpected: \u001b[32m\"1003\"\u001b[39m\nReceived: \u001b[31mundefined\u001b[39m\n    at Object.<anonymous> (D:\\IT4788\\test\\auth\\1-signup.e2e-spec.ts:118:27)\n    at processTicksAndRejections (node:internal/process/task_queues:104:5)"],"fullName":"Auth - Signup (e2e) SIGNUP-04: (Thất bại) - Lỗi 1003 khi sai kiểu dữ liệu","invocations":1,"location":null,"numPassingAsserts":0,"retryReasons":[],"startAt":1775555326661,"status":"failed","title":"SIGNUP-04: (Thất bại) - Lỗi 1003 khi sai kiểu dữ liệu"},{"ancestorTitles":["Auth - Signup (e2e)"],"duration":8,"failing":false,"failureDetails":[{"matcherResult":{"expected":"1004","message":"\u001b[2mexpect(\u001b[22m\u001b[31mreceived\u001b[39m\u001b[2m).\u001b[22mtoBe\u001b[2m(\u001b[22m\u001b[32mexpected\u001b[39m\u001b[2m) // Object.is equality\u001b[22m\n\nExpected: \u001b[32m\"1004\"\u001b[39m\nReceived: \u001b[31mundefined\u001b[39m","name":"toBe","pass":false}}],"failureMessages":["Error: \u001b[2mexpect(\u001b[22m\u001b[31mreceived\u001b[39m\u001b[2m).\u001b[22mtoBe\u001b[2m(\u001b[22m\u001b[32mexpected\u001b[39m\u001b[2m) // Object.is equality\u001b[22m\n\nExpected: \u001b[32m\"1004\"\u001b[39m\nReceived: \u001b[31mundefined\u001b[39m\n    at Object.<anonymous> (D:\\IT4788\\test\\auth\\1-signup.e2e-spec.ts:130:27)\n    at processTicksAndRejections (node:internal/process/task_queues:104:5)"],"fullName":"Auth - Signup (e2e) SIGNUP-05: (Thất bại) - Lỗi 1004 khi giá trị tham số bất thường (VD: format sai)","invocations":1,"location":null,"numPassingAsserts":0,"retryReasons":[],"startAt":1775555326669,"status":"failed","title":"SIGNUP-05: (Thất bại) - Lỗi 1004 khi giá trị tham số bất thường (VD: format sai)"}],"endTime":1775555326694,"message":"\u001b[1m\u001b[31m  \u001b[1m● \u001b[22m\u001b[1mAuth - Signup (e2e) › SIGNUP-01: (Thành công) - Lưu user mới vào Database\u001b[39m\u001b[22m\n\n    data and hash arguments required\n\u001b[2m\u001b[22m\n\u001b[2m    \u001b[0m \u001b[90m 60 |\u001b[39m     \u001b[22m\n\u001b[2m     \u001b[90m 61 |\u001b[39m     \u001b[90m// Kiểm tra password đã được băm (hash) cẩn thận chưa\u001b[39m\u001b[22m\n\u001b[2m    \u001b[31m\u001b[1m>\u001b[22m\u001b[2m\u001b[39m\u001b[90m 62 |\u001b[39m     \u001b[36mconst\u001b[39m isMatched \u001b[33m=\u001b[39m \u001b[36mawait\u001b[39m bcrypt\u001b[33m.\u001b[39mcompare(signupData\u001b[33m.\u001b[39mpassword\u001b[33m,\u001b[39m dbUser\u001b[33m.\u001b[39mpassword)\u001b[33m;\u001b[39m\u001b[22m\n\u001b[2m     \u001b[90m    |\u001b[39m                                    \u001b[31m\u001b[1m^\u001b[22m\u001b[2m\u001b[39m\u001b[22m\n\u001b[2m     \u001b[90m 63 |\u001b[39m     expect(isMatched)\u001b[33m.\u001b[39mtoBe(\u001b[36mtrue\u001b[39m)\u001b[33m;\u001b[39m\u001b[22m\n\u001b[2m     \u001b[90m 64 |\u001b[39m   })\u001b[33m;\u001b[39m\u001b[22m\n\u001b[2m     \u001b[90m 65 |\u001b[39m\u001b[0m\u001b[22m\n\u001b[2m\u001b[22m\n\u001b[2m      \u001b[2mat Object.compare (\u001b[22m\u001b[2m../node_modules/bcrypt/bcrypt.js\u001b[2m:204:17)\u001b[22m\u001b[2m\u001b[22m\n\u001b[2m      \u001b[2mat \u001b[22m\u001b[2m../node_modules/bcrypt/promises.js\u001b[2m:26:12\u001b[22m\u001b[2m\u001b[22m\n\u001b[2m      \u001b[2mat Object.promise (\u001b[22m\u001b[2m../node_modules/bcrypt/promises.js\u001b[2m:17:12)\u001b[22m\u001b[2m\u001b[22m\n\u001b[2m      \u001b[2mat Object.compare (\u001b[22m\u001b[2m../node_modules/bcrypt/bcrypt.js\u001b[2m:200:25)\u001b[22m\u001b[2m\u001b[22m\n\u001b[2m      \u001b[2mat Object.<anonymous> (\u001b[22m\u001b[2m\u001b[0m\u001b[36mauth/1-signup.e2e-spec.ts\u001b[39m\u001b[0m\u001b[2m:62:36)\u001b[22m\u001b[2m\u001b[22m\n\n\u001b[1m\u001b[31m  \u001b[1m● \u001b[22m\u001b[1mAuth - Signup (e2e) › SIGNUP-03: (Thất bại) - Lỗi 1002 khi thiếu điện thoại hoặc mật khẩu\u001b[39m\u001b[22m\n\n    \u001b[2mexpect(\u001b[22m\u001b[31mreceived\u001b[39m\u001b[2m).\u001b[22mtoBe\u001b[2m(\u001b[22m\u001b[32mexpected\u001b[39m\u001b[2m) // Object.is equality\u001b[22m\n\n    Expected: \u001b[32m\"1002\"\u001b[39m\n    Received: \u001b[31mundefined\u001b[39m\n\u001b[2m\u001b[22m\n\u001b[2m    \u001b[0m \u001b[90m  95 |\u001b[39m         uuid\u001b[33m:\u001b[39m \u001b[32m'device-id-123'\u001b[39m\u001b[22m\n\u001b[2m     \u001b[90m  96 |\u001b[39m       })\u001b[33m;\u001b[39m\u001b[22m\n\u001b[2m    \u001b[31m\u001b[1m>\u001b[22m\u001b[2m\u001b[39m\u001b[90m  97 |\u001b[39m     expect(res1\u001b[33m.\u001b[39mbody\u001b[33m.\u001b[39mcode)\u001b[33m.\u001b[39mtoBe(\u001b[32m'1002'\u001b[39m)\u001b[33m;\u001b[39m\u001b[22m\n\u001b[2m     \u001b[90m     |\u001b[39m                            \u001b[31m\u001b[1m^\u001b[22m\u001b[2m\u001b[39m\u001b[22m\n\u001b[2m     \u001b[90m  98 |\u001b[39m\u001b[22m\n\u001b[2m     \u001b[90m  99 |\u001b[39m     \u001b[90m// Thiếu password\u001b[39m\u001b[22m\n\u001b[2m     \u001b[90m 100 |\u001b[39m     \u001b[36mconst\u001b[39m res2 \u001b[33m=\u001b[39m \u001b[36mawait\u001b[39m request(app\u001b[33m.\u001b[39mgetHttpServer())\u001b[0m\u001b[22m\n\u001b[2m\u001b[22m\n\u001b[2m      \u001b[2mat Object.<anonymous> (\u001b[22m\u001b[2m\u001b[0m\u001b[36mauth/1-signup.e2e-spec.ts\u001b[39m\u001b[0m\u001b[2m:97:28)\u001b[22m\u001b[2m\u001b[22m\n\n\u001b[1m\u001b[31m  \u001b[1m● \u001b[22m\u001b[1mAuth - Signup (e2e) › SIGNUP-04: (Thất bại) - Lỗi 1003 khi sai kiểu dữ liệu\u001b[39m\u001b[22m\n\n    \u001b[2mexpect(\u001b[22m\u001b[31mreceived\u001b[39m\u001b[2m).\u001b[22mtoBe\u001b[2m(\u001b[22m\u001b[32mexpected\u001b[39m\u001b[2m) // Object.is equality\u001b[22m\n\n    Expected: \u001b[32m\"1003\"\u001b[39m\n    Received: \u001b[31mundefined\u001b[39m\n\u001b[2m\u001b[22m\n\u001b[2m    \u001b[0m \u001b[90m 116 |\u001b[39m         uuid\u001b[33m:\u001b[39m \u001b[32m'device-id-123'\u001b[39m\u001b[22m\n\u001b[2m     \u001b[90m 117 |\u001b[39m       })\u001b[33m;\u001b[39m\u001b[22m\n\u001b[2m    \u001b[31m\u001b[1m>\u001b[22m\u001b[2m\u001b[39m\u001b[90m 118 |\u001b[39m     expect(res\u001b[33m.\u001b[39mbody\u001b[33m.\u001b[39mcode)\u001b[33m.\u001b[39mtoBe(\u001b[32m'1003'\u001b[39m)\u001b[33m;\u001b[39m\u001b[22m\n\u001b[2m     \u001b[90m     |\u001b[39m                           \u001b[31m\u001b[1m^\u001b[22m\u001b[2m\u001b[39m\u001b[22m\n\u001b[2m     \u001b[90m 119 |\u001b[39m   })\u001b[33m;\u001b[39m\u001b[22m\n\u001b[2m     \u001b[90m 120 |\u001b[39m\u001b[22m\n\u001b[2m     \u001b[90m 121 |\u001b[39m   it(\u001b[32m'SIGNUP-05: (Thất bại) - Lỗi 1004 khi giá trị tham số bất thường (VD: format sai)'\u001b[39m\u001b[33m,\u001b[39m \u001b[36masync\u001b[39m () \u001b[33m=>\u001b[39m {\u001b[0m\u001b[22m\n\u001b[2m\u001b[22m\n\u001b[2m      \u001b[2mat Object.<anonymous> (\u001b[22m\u001b[2m\u001b[0m\u001b[36mauth/1-signup.e2e-spec.ts\u001b[39m\u001b[0m\u001b[2m:118:27)\u001b[22m\u001b[2m\u001b[22m\n\n\u001b[1m\u001b[31m  \u001b[1m● \u001b[22m\u001b[1mAuth - Signup (e2e) › SIGNUP-05: (Thất bại) - Lỗi 1004 khi giá trị tham số bất thường (VD: format sai)\u001b[39m\u001b[22m\n\n    \u001b[2mexpect(\u001b[22m\u001b[31mreceived\u001b[39m\u001b[2m).\u001b[22mtoBe\u001b[2m(\u001b[22m\u001b[32mexpected\u001b[39m\u001b[2m) // Object.is equality\u001b[22m\n\n    Expected: \u001b[32m\"1004\"\u001b[39m\n    Received: \u001b[31mundefined\u001b[39m\n\u001b[2m\u001b[22m\n\u001b[2m    \u001b[0m \u001b[90m 128 |\u001b[39m         uuid\u001b[33m:\u001b[39m \u001b[32m'device-id-123'\u001b[39m\u001b[22m\n\u001b[2m     \u001b[90m 129 |\u001b[39m       })\u001b[33m;\u001b[39m\u001b[22m\n\u001b[2m    \u001b[31m\u001b[1m>\u001b[22m\u001b[2m\u001b[39m\u001b[90m 130 |\u001b[39m     expect(res\u001b[33m.\u001b[39mbody\u001b[33m.\u001b[39mcode)\u001b[33m.\u001b[39mtoBe(\u001b[32m'1004'\u001b[39m)\u001b[33m;\u001b[39m\u001b[22m\n\u001b[2m     \u001b[90m     |\u001b[39m                           \u001b[31m\u001b[1m^\u001b[22m\u001b[2m\u001b[39m\u001b[22m\n\u001b[2m     \u001b[90m 131 |\u001b[39m   })\u001b[33m;\u001b[39m\u001b[22m\n\u001b[2m     \u001b[90m 132 |\u001b[39m })\u001b[33m;\u001b[39m\u001b[22m\n\u001b[2m     \u001b[90m 133 |\u001b[39m\u001b[0m\u001b[22m\n\u001b[2m\u001b[22m\n\u001b[2m      \u001b[2mat Object.<anonymous> (\u001b[22m\u001b[2m\u001b[0m\u001b[36mauth/1-signup.e2e-spec.ts\u001b[39m\u001b[0m\u001b[2m:130:27)\u001b[22m\u001b[2m\u001b[22m\n","name":"D:\\IT4788\\test\\auth\\1-signup.e2e-spec.ts","startTime":1775555324603,"status":"failed","summary":""}],"wasInterrupted":false}
